<?xml version="1.0" encoding="UTF-8"?>
<testsuite name="com.tarun.TalkBuddy.TalkBuddyApplicationTests" tests="1" skipped="0" failures="0" errors="0" timestamp="2019-09-10T06:03:52" hostname="user-Lenovo-G50-80" time="0.004">
  <properties/>
  <testcase name="contextLoads" classname="com.tarun.TalkBuddy.TalkBuddyApplicationTests" time="0.004"/>
  <system-out><![CDATA[2019-09-10 11:33:48.259  INFO 16616 --- [    Test worker] .b.t.c.SpringBootTestContextBootstrapper : Neither @ContextConfiguration nor @ContextHierarchy found for test class [com.tarun.TalkBuddy.TalkBuddyApplicationTests], using SpringBootContextLoader
2019-09-10 11:33:48.260  INFO 16616 --- [    Test worker] o.s.t.c.support.AbstractContextLoader    : Could not detect default resource locations for test class [com.tarun.TalkBuddy.TalkBuddyApplicationTests]: no resource found for suffixes {-context.xml, Context.groovy}.
2019-09-10 11:33:48.261  INFO 16616 --- [    Test worker] t.c.s.AnnotationConfigContextLoaderUtils : Could not detect default configuration classes for test class [com.tarun.TalkBuddy.TalkBuddyApplicationTests]: TalkBuddyApplicationTests does not declare any static, non-private, non-final, nested classes annotated with @Configuration.
2019-09-10 11:33:48.265  INFO 16616 --- [    Test worker] .b.t.c.SpringBootTestContextBootstrapper : Found @SpringBootConfiguration com.tarun.TalkBuddy.TalkBuddyApplication for test class com.tarun.TalkBuddy.TalkBuddyApplicationTests
2019-09-10 11:33:48.270  INFO 16616 --- [    Test worker] .b.t.c.SpringBootTestContextBootstrapper : Loaded default TestExecutionListener class names from location [META-INF/spring.factories]: [org.springframework.boot.test.autoconfigure.restdocs.RestDocsTestExecutionListener, org.springframework.boot.test.autoconfigure.web.client.MockRestServiceServerResetTestExecutionListener, org.springframework.boot.test.autoconfigure.web.servlet.MockMvcPrintOnlyOnFailureTestExecutionListener, org.springframework.boot.test.autoconfigure.web.servlet.WebDriverTestExecutionListener, org.springframework.boot.test.mock.mockito.MockitoTestExecutionListener, org.springframework.boot.test.mock.mockito.ResetMocksTestExecutionListener, org.springframework.test.context.web.ServletTestExecutionListener, org.springframework.test.context.support.DirtiesContextBeforeModesTestExecutionListener, org.springframework.test.context.support.DependencyInjectionTestExecutionListener, org.springframework.test.context.support.DirtiesContextTestExecutionListener, org.springframework.test.context.transaction.TransactionalTestExecutionListener, org.springframework.test.context.jdbc.SqlScriptsTestExecutionListener]
2019-09-10 11:33:48.271  INFO 16616 --- [    Test worker] .b.t.c.SpringBootTestContextBootstrapper : Using TestExecutionListeners: [org.springframework.test.context.web.ServletTestExecutionListener@5dad8627, org.springframework.test.context.support.DirtiesContextBeforeModesTestExecutionListener@5f195811, org.springframework.boot.test.mock.mockito.MockitoTestExecutionListener@3f973c94, org.springframework.boot.test.autoconfigure.SpringBootDependencyInjectionTestExecutionListener@1e9372a9, org.springframework.test.context.support.DirtiesContextTestExecutionListener@2fbe53e2, org.springframework.test.context.transaction.TransactionalTestExecutionListener@3af24fd4, org.springframework.test.context.jdbc.SqlScriptsTestExecutionListener@3c07a782, org.springframework.boot.test.autoconfigure.restdocs.RestDocsTestExecutionListener@39848c91, org.springframework.boot.test.autoconfigure.web.client.MockRestServiceServerResetTestExecutionListener@64f8e900, org.springframework.boot.test.autoconfigure.web.servlet.MockMvcPrintOnlyOnFailureTestExecutionListener@4cdc86a4, org.springframework.boot.test.autoconfigure.web.servlet.WebDriverTestExecutionListener@4d66130a, org.springframework.boot.test.mock.mockito.ResetMocksTestExecutionListener@509bfe33]

  .   ____          _            __ _ _
 /\\ / ___'_ __ _ _(_)_ __  __ _ \ \ \ \
( ( )\___ | '_ | '_| | '_ \/ _` | \ \ \ \
 \\/  ___)| |_)| | | | | || (_| |  ) ) ) )
  '  |____| .__|_| |_|_| |_\__, | / / / /
 =========|_|==============|___/=/_/_/_/
 :: Spring Boot ::        (v2.1.2.RELEASE)

2019-09-10 11:33:48.370  INFO 16616 --- [    Test worker] c.t.TalkBuddy.TalkBuddyApplicationTests  : Starting TalkBuddyApplicationTests on user-Lenovo-G50-80 with PID 16616 (started by user in /home/user/Assignments-Zemoso/Spring/TalkBuddy)
2019-09-10 11:33:48.373  INFO 16616 --- [    Test worker] c.t.TalkBuddy.TalkBuddyApplicationTests  : No active profile set, falling back to default profiles: default
2019-09-10 11:33:48.999  INFO 16616 --- [    Test worker] .s.d.r.c.RepositoryConfigurationDelegate : Bootstrapping Spring Data repositories in DEFAULT mode.
2019-09-10 11:33:49.022  INFO 16616 --- [    Test worker] .s.d.r.c.RepositoryConfigurationDelegate : Finished Spring Data repository scanning in 22ms. Found 4 repository interfaces.
2019-09-10 11:33:49.389  INFO 16616 --- [    Test worker] trationDelegate$BeanPostProcessorChecker : Bean 'org.springframework.transaction.annotation.ProxyTransactionManagementConfiguration' of type [org.springframework.transaction.annotation.ProxyTransactionManagementConfiguration$$EnhancerBySpringCGLIB$$f5d3783b] is not eligible for getting processed by all BeanPostProcessors (for example: not eligible for auto-proxying)
2019-09-10 11:33:49.553  INFO 16616 --- [    Test worker] com.zaxxer.hikari.HikariDataSource       : HikariPool-1 - Starting...
2019-09-10 11:33:49.774  INFO 16616 --- [    Test worker] com.zaxxer.hikari.HikariDataSource       : HikariPool-1 - Start completed.
2019-09-10 11:33:49.813  INFO 16616 --- [    Test worker] o.hibernate.jpa.internal.util.LogHelper  : HHH000204: Processing PersistenceUnitInfo [
	name: default
	...]
2019-09-10 11:33:49.824  INFO 16616 --- [    Test worker] org.hibernate.dialect.Dialect            : HHH000400: Using dialect: org.hibernate.dialect.MySQL5Dialect
2019-09-10 11:33:50.270  INFO 16616 --- [    Test worker] o.h.h.i.QueryTranslatorFactoryInitiator  : HHH000397: Using ASTQueryTranslatorFactory
2019-09-10 11:33:50.275  INFO 16616 --- [    Test worker] j.LocalContainerEntityManagerFactoryBean : Initialized JPA EntityManagerFactory for persistence unit 'default'
2019-09-10 11:33:51.439  INFO 16616 --- [    Test worker] o.s.s.concurrent.ThreadPoolTaskExecutor  : Initializing ExecutorService 'applicationTaskExecutor'
2019-09-10 11:33:51.536  WARN 16616 --- [    Test worker] aWebConfiguration$JpaWebMvcConfiguration : spring.jpa.open-in-view is enabled by default. Therefore, database queries may be performed during view rendering. Explicitly configure spring.jpa.open-in-view to disable this warning
2019-09-10 11:33:51.739  INFO 16616 --- [    Test worker] o.s.b.a.w.s.WelcomePageHandlerMapping    : Adding welcome page: class path resource [static/index.html]
2019-09-10 11:33:52.047  INFO 16616 --- [    Test worker] c.t.TalkBuddy.TalkBuddyApplicationTests  : Started TalkBuddyApplicationTests in 3.765 seconds (JVM running for 11.834)
]]></system-out>
  <system-err><![CDATA[]]></system-err>
</testsuite>
