<?xml version="1.0" encoding="UTF-8"?>
<testsuite name="com.tarun.TalkBuddy.TalkBuddyApplicationTests" tests="1" skipped="0" failures="0" errors="0" timestamp="2019-09-03T05:53:21" hostname="user-Lenovo-G50-80" time="0.004">
  <properties/>
  <testcase name="contextLoads" classname="com.tarun.TalkBuddy.TalkBuddyApplicationTests" time="0.004"/>
  <system-out><![CDATA[2019-09-03 11:23:04.315  INFO 10557 --- [    Test worker] .b.t.c.SpringBootTestContextBootstrapper : Neither @ContextConfiguration nor @ContextHierarchy found for test class [com.tarun.TalkBuddy.TalkBuddyApplicationTests], using SpringBootContextLoader
2019-09-03 11:23:04.316  INFO 10557 --- [    Test worker] o.s.t.c.support.AbstractContextLoader    : Could not detect default resource locations for test class [com.tarun.TalkBuddy.TalkBuddyApplicationTests]: no resource found for suffixes {-context.xml, Context.groovy}.
2019-09-03 11:23:04.317  INFO 10557 --- [    Test worker] t.c.s.AnnotationConfigContextLoaderUtils : Could not detect default configuration classes for test class [com.tarun.TalkBuddy.TalkBuddyApplicationTests]: TalkBuddyApplicationTests does not declare any static, non-private, non-final, nested classes annotated with @Configuration.
2019-09-03 11:23:04.324  INFO 10557 --- [    Test worker] .b.t.c.SpringBootTestContextBootstrapper : Found @SpringBootConfiguration com.tarun.TalkBuddy.TalkBuddyApplication for test class com.tarun.TalkBuddy.TalkBuddyApplicationTests
2019-09-03 11:23:04.327  INFO 10557 --- [    Test worker] .b.t.c.SpringBootTestContextBootstrapper : Loaded default TestExecutionListener class names from location [META-INF/spring.factories]: [org.springframework.boot.test.autoconfigure.restdocs.RestDocsTestExecutionListener, org.springframework.boot.test.autoconfigure.web.client.MockRestServiceServerResetTestExecutionListener, org.springframework.boot.test.autoconfigure.web.servlet.MockMvcPrintOnlyOnFailureTestExecutionListener, org.springframework.boot.test.autoconfigure.web.servlet.WebDriverTestExecutionListener, org.springframework.boot.test.mock.mockito.MockitoTestExecutionListener, org.springframework.boot.test.mock.mockito.ResetMocksTestExecutionListener, org.springframework.test.context.web.ServletTestExecutionListener, org.springframework.test.context.support.DirtiesContextBeforeModesTestExecutionListener, org.springframework.test.context.support.DependencyInjectionTestExecutionListener, org.springframework.test.context.support.DirtiesContextTestExecutionListener, org.springframework.test.context.transaction.TransactionalTestExecutionListener, org.springframework.test.context.jdbc.SqlScriptsTestExecutionListener]
2019-09-03 11:23:04.328  INFO 10557 --- [    Test worker] .b.t.c.SpringBootTestContextBootstrapper : Using TestExecutionListeners: [org.springframework.test.context.web.ServletTestExecutionListener@df5d291, org.springframework.test.context.support.DirtiesContextBeforeModesTestExecutionListener@13ef9d27, org.springframework.boot.test.mock.mockito.MockitoTestExecutionListener@2d04ca79, org.springframework.boot.test.autoconfigure.SpringBootDependencyInjectionTestExecutionListener@43f9af33, org.springframework.test.context.support.DirtiesContextTestExecutionListener@603b8c87, org.springframework.test.context.transaction.TransactionalTestExecutionListener@fd22302, org.springframework.test.context.jdbc.SqlScriptsTestExecutionListener@48e6783, org.springframework.boot.test.autoconfigure.restdocs.RestDocsTestExecutionListener@a00c016, org.springframework.boot.test.autoconfigure.web.client.MockRestServiceServerResetTestExecutionListener@36e33a65, org.springframework.boot.test.autoconfigure.web.servlet.MockMvcPrintOnlyOnFailureTestExecutionListener@2837c588, org.springframework.boot.test.autoconfigure.web.servlet.WebDriverTestExecutionListener@5f720d72, org.springframework.boot.test.mock.mockito.ResetMocksTestExecutionListener@53fe66fa]

  .   ____          _            __ _ _
 /\\ / ___'_ __ _ _(_)_ __  __ _ \ \ \ \
( ( )\___ | '_ | '_| | '_ \/ _` | \ \ \ \
 \\/  ___)| |_)| | | | | || (_| |  ) ) ) )
  '  |____| .__|_| |_|_| |_\__, | / / / /
 =========|_|==============|___/=/_/_/_/
 :: Spring Boot ::        (v2.1.2.RELEASE)

2019-09-03 11:23:04.483  INFO 10557 --- [    Test worker] c.t.TalkBuddy.TalkBuddyApplicationTests  : Starting TalkBuddyApplicationTests on user-Lenovo-G50-80 with PID 10557 (started by user in /home/user/Assignments-Zemoso/Spring/TalkBuddy)
2019-09-03 11:23:04.485  INFO 10557 --- [    Test worker] c.t.TalkBuddy.TalkBuddyApplicationTests  : No active profile set, falling back to default profiles: default
2019-09-03 11:23:05.050  INFO 10557 --- [    Test worker] .s.d.r.c.RepositoryConfigurationDelegate : Bootstrapping Spring Data repositories in DEFAULT mode.
2019-09-03 11:23:05.074  INFO 10557 --- [    Test worker] .s.d.r.c.RepositoryConfigurationDelegate : Finished Spring Data repository scanning in 23ms. Found 4 repository interfaces.
2019-09-03 11:23:05.417  INFO 10557 --- [    Test worker] trationDelegate$BeanPostProcessorChecker : Bean 'org.springframework.transaction.annotation.ProxyTransactionManagementConfiguration' of type [org.springframework.transaction.annotation.ProxyTransactionManagementConfiguration$$EnhancerBySpringCGLIB$$15607632] is not eligible for getting processed by all BeanPostProcessors (for example: not eligible for auto-proxying)
2019-09-03 11:23:05.592  INFO 10557 --- [    Test worker] com.zaxxer.hikari.HikariDataSource       : HikariPool-1 - Starting...
2019-09-03 11:23:09.807  INFO 10557 --- [    Test worker] com.zaxxer.hikari.HikariDataSource       : HikariPool-1 - Start completed.
2019-09-03 11:23:09.855  INFO 10557 --- [    Test worker] o.hibernate.jpa.internal.util.LogHelper  : HHH000204: Processing PersistenceUnitInfo [
	name: default
	...]
2019-09-03 11:23:09.867  INFO 10557 --- [    Test worker] org.hibernate.dialect.Dialect            : HHH000400: Using dialect: org.hibernate.dialect.MySQL5Dialect
2019-09-03 11:23:19.211  INFO 10557 --- [    Test worker] o.h.h.i.QueryTranslatorFactoryInitiator  : HHH000397: Using ASTQueryTranslatorFactory
2019-09-03 11:23:19.219  INFO 10557 --- [    Test worker] j.LocalContainerEntityManagerFactoryBean : Initialized JPA EntityManagerFactory for persistence unit 'default'
2019-09-03 11:23:20.377  INFO 10557 --- [    Test worker] o.s.s.concurrent.ThreadPoolTaskExecutor  : Initializing ExecutorService 'applicationTaskExecutor'
2019-09-03 11:23:20.474  WARN 10557 --- [    Test worker] aWebConfiguration$JpaWebMvcConfiguration : spring.jpa.open-in-view is enabled by default. Therefore, database queries may be performed during view rendering. Explicitly configure spring.jpa.open-in-view to disable this warning
2019-09-03 11:23:20.676  INFO 10557 --- [    Test worker] o.s.b.a.w.s.WelcomePageHandlerMapping    : Adding welcome page: class path resource [static/index.html]
2019-09-03 11:23:20.960  INFO 10557 --- [    Test worker] c.t.TalkBuddy.TalkBuddyApplicationTests  : Started TalkBuddyApplicationTests in 16.615 seconds (JVM running for 25.484)
]]></system-out>
  <system-err><![CDATA[]]></system-err>
</testsuite>
